20190467
20184873
20200645
20185434
20194032
20200600
20181465
20183826
20193308
20190583
20184722
20190055
20194969
20203854
20172653
20206270
20184326
20184296
20206321
20200250
20192191
20183560
20195926
20200654
20193305
20200055
20193300
20202958
20191469
20195351
20184355
20193451
20193288
20204349
20181020
20207356
20204811
20200631
20170983
20206667
20193317
20193287
20181295
20184267
20200182
20206043
20203558
20183962
20206203
20205662
20185423
20190053
20170667
20190454
