Lê Thị Hoà 
Nguyễn Hữu Hoàng 
Nguyễn Đức Trung 
Đỗ Thị Thanh Châu 
Lê Huy Dương 
Đào Phương Thảo	
Quách Cao Hiển 
Hà Thanh Thái 
Nguyễn Ngọc Mai	
Phạm Thị Thùy 
Phùng Thế Bình 
Võ Thục Khánh Huyền 
Đào Tiến Dũng 
Hoàng Minh Thảo 
Ngô Văn Linh 
Nguyễn Việt Anh 
Ngô Việt Tùng 
Nguyễn Thị Nga 
Nguyễn ngọc anh	
Vũ Huy Hoàng 
Phạm Quang Đại 
Trương Tuấn Khang 
Nông Thị Thủy 
Nguyễn Văn Trường 
Trần Hải Long 
Phạm Thị Mai Anh 
Nguyễn Quang Lê Kiên 
Nguyễn Thị Minh Tâm 
Phạm Anh Đức 
Hoàng Hữu Dương	
Trịnh Ngọc Ca 
Phạm Thanh Thiên 
Trần Thu Mai Anh 
Phạm Thị Thu Huyền 
Vũ Thị Hải Yến 
Nguyễn Thị Minh Nguyệt 
Nguyễn Đức Ánh 
Phạm Công Tráng	
Nguyễn Đức Tùng	
Nguyễn Văn Mã 
Nguyễn Lê Thành	
Trần Thị Thảo Anh 
Trần Anh Tuấn 
Nguyễn Ngọc Huân 
Đỗ Thu Giang 
Phan Khánh Duy 
Phạm Văn Sáng 
Hồ Bá Nguyên 
Nguyễn Phương Linh 
Phạm Quang Hoàng 
Trần Thị Thanh Tươi 
Lê Huy Hoàng 
Nguyễn Hữu Cương 
Lê Thị Hiền 
